<?xml version="1.0" encoding="UTF-8"?>
<!-- Generated by org.testng.reporters.JUnitXMLReporter -->
<testsuite ignored="0" hostname="INDELSAUKUMA" failures="0" tests="4" name="Default test" time="19.447" errors="0" timestamp="2023-12-25T16:10:42 IST">
  <testcase classname="base.PlaywrightConnection" name="@AfterMethod closeConnection" time="-1.70350084249E9">
    <failure type="org.testng.TestNGException" message="
Can inject only one of &amp;lt;ITestContext, XmlTest, Method, Object[], ITestResult&amp;gt; into a @AfterMethod annotated closeConnection.
For more information on native dependency injection please refer to https://testng.org/doc/documentation-main.html#native-dependency-injection">
      <![CDATA[org.testng.TestNGException: 
Can inject only one of <ITestContext, XmlTest, Method, Object[], ITestResult> into a @AfterMethod annotated closeConnection.
For more information on native dependency injection please refer to https://testng.org/doc/documentation-main.html#native-dependency-injection
at org.testng.internal.Parameters.checkParameterTypes(Parameters.java:436)
at org.testng.internal.Parameters.createParametersForMethod(Parameters.java:350)
at org.testng.internal.Parameters.createParameters(Parameters.java:693)
at org.testng.internal.Parameters.createConfigurationParameters(Parameters.java:166)
at org.testng.internal.invokers.ConfigInvoker.invokeConfigurations(ConfigInvoker.java:277)
at org.testng.internal.invokers.TestInvoker.runConfigMethods(TestInvoker.java:816)
at org.testng.internal.invokers.TestInvoker.runAfterConfigurations(TestInvoker.java:785)
at org.testng.internal.invokers.TestInvoker.invokeMethod(TestInvoker.java:761)
at org.testng.internal.invokers.TestInvoker.invokeTestMethod(TestInvoker.java:221)
at org.testng.internal.invokers.MethodRunner.runInSequence(MethodRunner.java:50)
at org.testng.internal.invokers.TestInvoker$MethodInvocationAgent.invoke(TestInvoker.java:962)
at org.testng.internal.invokers.TestInvoker.invokeTestMethods(TestInvoker.java:194)
at org.testng.internal.invokers.TestMethodWorker.invokeTestMethods(TestMethodWorker.java:148)
at org.testng.internal.invokers.TestMethodWorker.run(TestMethodWorker.java:128)
at java.base/java.util.ArrayList.forEach(ArrayList.java:1511)
at org.testng.TestRunner.privateRun(TestRunner.java:806)
at org.testng.TestRunner.run(TestRunner.java:601)
at org.testng.SuiteRunner.runTest(SuiteRunner.java:433)
at org.testng.SuiteRunner.runSequentially(SuiteRunner.java:427)
at org.testng.SuiteRunner.privateRun(SuiteRunner.java:387)
at org.testng.SuiteRunner.run(SuiteRunner.java:330)
at org.testng.SuiteRunnerWorker.runSuite(SuiteRunnerWorker.java:52)
at org.testng.SuiteRunnerWorker.run(SuiteRunnerWorker.java:95)
at org.testng.TestNG.runSuitesSequentially(TestNG.java:1256)
at org.testng.TestNG.runSuitesLocally(TestNG.java:1176)
at org.testng.TestNG.runSuites(TestNG.java:1099)
at org.testng.TestNG.run(TestNG.java:1067)
at org.testng.remote.AbstractRemoteTestNG.run(AbstractRemoteTestNG.java:115)
at org.testng.remote.RemoteTestNG.initAndRun(RemoteTestNG.java:251)
at org.testng.remote.RemoteTestNG.main(RemoteTestNG.java:77)
]]>
    </failure>
  </testcase> <!-- @AfterMethod closeConnection -->
  <testcase classname="com.bavaria.webshop.Auth.LoginTest2" name="@BeforeMethod setUp" time="0.0">
    <skipped/>
  </testcase> <!-- @BeforeMethod setUp -->
  <testcase classname="base.PlaywrightConnection" name="@AfterMethod closeConnection" time="0.0">
    <skipped/>
  </testcase> <!-- @AfterMethod closeConnection -->
  <testcase classname="com.bavaria.webshop.Auth.LoginTest2" name="@BeforeMethod setUp" time="0.0">
    <skipped/>
  </testcase> <!-- @BeforeMethod setUp -->
  <testcase classname="base.PlaywrightConnection" name="@AfterMethod closeConnection" time="0.0">
    <skipped/>
  </testcase> <!-- @AfterMethod closeConnection -->
  <testcase classname="com.bavaria.webshop.Auth.LoginTest2" name="@BeforeMethod setUp" time="0.0">
    <skipped/>
  </testcase> <!-- @BeforeMethod setUp -->
  <testcase classname="base.PlaywrightConnection" name="@AfterMethod closeConnection" time="0.0">
    <skipped/>
  </testcase> <!-- @AfterMethod closeConnection -->
  <testcase classname="com.bavaria.webshop.Auth.LoginTest2" name="loginPageNavigationTest" time="0.394"/>
  <testcase classname="com.bavaria.webshop.Auth.LoginTest2" name="appLoginTest" time="0.001">
    <skipped/>
  </testcase> <!-- appLoginTest -->
  <testcase classname="com.bavaria.webshop.Auth.LoginTest2" name="loggedInPageTitleTest" time="0.0">
    <skipped/>
  </testcase> <!-- loggedInPageTitleTest -->
  <testcase classname="com.bavaria.webshop.Auth.LoginTest2" name="UserProfileVisiblTest" time="0.0">
    <skipped/>
  </testcase> <!-- UserProfileVisiblTest -->
</testsuite> <!-- Default test -->
